<?xml version="1.0" encoding="UTF-8"?>
<!-- Generated by org.testng.reporters.JUnitXMLReporter -->
<testsuite ignored="0" hostname="DESKTOP-2U8CR23" failures="1" tests="5" name="Regression" time="61.62" errors="0" timestamp="2022-05-10T21:57:13 EDT">
  <testcase classname="piit.AutomationTrainingProgram.Browsersd" name="f" time="9.883"/>
  <testcase classname="piit.AutomationTrainingProgram.SigninSignout" name="f" time="15.137"/>
  <testcase classname="piit.AutomationTrainingProgram.SigninSignout" name="TextVerificationMethod" time="2.684">
    <failure type="org.openqa.selenium.NoSuchElementException" message="Unable to locate element: //*[contains(text(),&amp;apos;Please enter your email&amp;apos;)]
For documentation on this error, please visit: https://selenium.dev/exceptions/#no_such_element
Build info: version: &amp;apos;4.1.3&amp;apos;, revision: &amp;apos;7b1ebf28ef&amp;apos;
System info: host: &amp;apos;DESKTOP-2U8CR23&amp;apos;, ip: &amp;apos;192.168.137.1&amp;apos;, os.name: &amp;apos;Windows 10&amp;apos;, os.arch: &amp;apos;amd64&amp;apos;, os.version: &amp;apos;10.0&amp;apos;, java.version: &amp;apos;11.0.13&amp;apos;
Driver info: org.openqa.selenium.firefox.FirefoxDriver
Command: [9c2d1985-cdc9-498a-92e3-85a4b7a9c874, findElement {using=xpath, value=//*[contains(text(),&amp;apos;Please enter your email&amp;apos;)]}]
Capabilities {acceptInsecureCerts: true, browserName: firefox, browserVersion: 100.0, javascriptEnabled: true, moz:accessibilityChecks: false, moz:buildID: 20220428192727, moz:debuggerAddress: localhost:58179, moz:geckodriverVersion: 0.30.0, moz:headless: false, moz:processID: 6220, moz:profile: C:\Users\olkin\AppData\Loca..., moz:shutdownTimeout: 60000, moz:useNonSpecCompliantPointerOrigin: false, moz:webdriverClick: true, pageLoadStrategy: normal, platform: WINDOWS, platformName: WINDOWS, platformVersion: 10.0, proxy: Proxy(), se:cdp: ws://localhost:58179/devtoo..., se:cdpVersion: 85.0, setWindowRect: true, strictFileInteractability: false, timeouts: {implicit: 0, pageLoad: 300000, script: 30000}, unhandledPromptBehavior: dismiss and notify}
Session ID: 9c2d1985-cdc9-498a-92e3-85a4b7a9c874">
      <![CDATA[org.openqa.selenium.NoSuchElementException: Unable to locate element: //*[contains(text(),'Please enter your email')]
For documentation on this error, please visit: https://selenium.dev/exceptions/#no_such_element
Build info: version: '4.1.3', revision: '7b1ebf28ef'
System info: host: 'DESKTOP-2U8CR23', ip: '192.168.137.1', os.name: 'Windows 10', os.arch: 'amd64', os.version: '10.0', java.version: '11.0.13'
Driver info: org.openqa.selenium.firefox.FirefoxDriver
Command: [9c2d1985-cdc9-498a-92e3-85a4b7a9c874, findElement {using=xpath, value=//*[contains(text(),'Please enter your email')]}]
Capabilities {acceptInsecureCerts: true, browserName: firefox, browserVersion: 100.0, javascriptEnabled: true, moz:accessibilityChecks: false, moz:buildID: 20220428192727, moz:debuggerAddress: localhost:58179, moz:geckodriverVersion: 0.30.0, moz:headless: false, moz:processID: 6220, moz:profile: C:\Users\olkin\AppData\Loca..., moz:shutdownTimeout: 60000, moz:useNonSpecCompliantPointerOrigin: false, moz:webdriverClick: true, pageLoadStrategy: normal, platform: WINDOWS, platformName: WINDOWS, platformVersion: 10.0, proxy: Proxy(), se:cdp: ws://localhost:58179/devtoo..., se:cdpVersion: 85.0, setWindowRect: true, strictFileInteractability: false, timeouts: {implicit: 0, pageLoad: 300000, script: 30000}, unhandledPromptBehavior: dismiss and notify}
Session ID: 9c2d1985-cdc9-498a-92e3-85a4b7a9c874
at org.openqa.selenium.remote.codec.w3c.W3CHttpResponseCodec.createException(W3CHttpResponseCodec.java:200)
at org.openqa.selenium.remote.codec.w3c.W3CHttpResponseCodec.decode(W3CHttpResponseCodec.java:133)
at org.openqa.selenium.remote.codec.w3c.W3CHttpResponseCodec.decode(W3CHttpResponseCodec.java:53)
at org.openqa.selenium.remote.HttpCommandExecutor.execute(HttpCommandExecutor.java:184)
at org.openqa.selenium.remote.service.DriverCommandExecutor.invokeExecute(DriverCommandExecutor.java:167)
at org.openqa.selenium.remote.service.DriverCommandExecutor.execute(DriverCommandExecutor.java:142)
at org.openqa.selenium.remote.RemoteWebDriver.execute(RemoteWebDriver.java:567)
at org.openqa.selenium.remote.ElementLocation$ElementFinder$2.findElement(ElementLocation.java:162)
at org.openqa.selenium.remote.ElementLocation.findElement(ElementLocation.java:60)
at org.openqa.selenium.remote.RemoteWebDriver.findElement(RemoteWebDriver.java:385)
at org.openqa.selenium.remote.RemoteWebDriver.findElement(RemoteWebDriver.java:377)
at org.openqa.selenium.support.pagefactory.DefaultElementLocator.findElement(DefaultElementLocator.java:70)
at org.openqa.selenium.support.pagefactory.internal.LocatingElementHandler.invoke(LocatingElementHandler.java:39)
at com.sun.proxy.$Proxy22.getText(Unknown Source)
at PageObjectModel.ForgotPasswordPage.QuestionOfText(ForgotPasswordPage.java:31)
at piit.AutomationTrainingProgram.SigninSignout.TextVerificationMethod(SigninSignout.java:50)
at java.base/java.util.ArrayList.forEach(ArrayList.java:1541)
... Removed 31 stack frames]]>
    </failure>
  </testcase> <!-- TextVerificationMethod -->
  <testcase classname="piit.AutomationTrainingProgram.Execution" name="f" time="0.002"/>
  <testcase classname="piit.AutomationTrainingProgram.Execution" name="test2" time="0.003"/>
</testsuite> <!-- Regression -->
